Arguments: 
  /usr/bin/node /usr/share/yarn/bin/yarn.js add --dev @rollup/plagin-babel

PATH: 
  /home/maker0n/.vscode-server/bin/ccbaa2d27e38e5afa3e5c21c1c7bef4657064247/bin:/usr/local/sbin:/usr/local/bin:/usr/sbin:/usr/bin:/sbin:/bin:/usr/games:/usr/local/games:/mnt/c/WINDOWS/system32:/mnt/c/WINDOWS:/mnt/c/WINDOWS/System32/Wbem:/mnt/c/WINDOWS/System32/WindowsPowerShell/v1.0/:/mnt/c/WINDOWS/System32/OpenSSH/:/mnt/c/Program Files/nodejs/:/mnt/c/Program Files/Git/cmd:/mnt/c/Program Files/MySQL/MySQL Shell 8.0/bin/:/mnt/c/Users/HP-PAV/AppData/Local/Programs/Python/Python39/Scripts/:/mnt/c/Users/HP-PAV/AppData/Local/Programs/Python/Python39/:/mnt/c/Users/HP-PAV/AppData/Local/Microsoft/WindowsApps:/mnt/c/Users/HP-PAV/AppData/Local/Programs/Microsoft VS Code/bin:/mnt/c/Users/HP-PAV/AppData/Roaming/npm:/mnt/c/Program Files/JetBrains/PyCharm 2021.1.1/bin

Yarn version: 
  1.22.4

Node version: 
  12.22.1

Platform: 
  linux x64

Trace: 
  Error: https://registry.yarnpkg.com/@rollup%2fplagin-babel: Not found
      at Request.params.callback [as _callback] (/usr/share/yarn/lib/cli.js:66987:18)
      at Request.self.callback (/usr/share/yarn/lib/cli.js:140748:22)
      at Request.emit (events.js:314:20)
      at Request.<anonymous> (/usr/share/yarn/lib/cli.js:141720:10)
      at Request.emit (events.js:314:20)
      at IncomingMessage.<anonymous> (/usr/share/yarn/lib/cli.js:141642:12)
      at Object.onceWrapper (events.js:420:28)
      at IncomingMessage.emit (events.js:326:22)
      at endReadableNT (_stream_readable.js:1241:12)
      at processTicksAndRejections (internal/process/task_queues.js:84:21)

npm manifest: 
  {
    "name": "boilerplate-on-rollup",
    "version": "1.0.0",
    "main": "index.js",
    "repository": "git@github.com:Maker0N/boilerplate-on-rollup.git",
    "author": "Maker0N",
    "license": "MIT",
    "devDependencies": {
      "rollup": "^2.60.1"
    },
    "scripts": {
      "build": "rollup --config"
    }
  }

yarn manifest: 
  No manifest

Lockfile: 
  # THIS IS AN AUTOGENERATED FILE. DO NOT EDIT THIS FILE DIRECTLY.
  # yarn lockfile v1
  
  
  fsevents@~2.3.2:
    version "2.3.2"
    resolved "https://registry.yarnpkg.com/fsevents/-/fsevents-2.3.2.tgz#8a526f78b8fdf4623b709e0b975c52c24c02fd1a"
    integrity sha512-xiqMQR4xAeHTuB9uWm+fFRcIOgKBMiOBP+eXiyT7jsgVCq1bkVygt00oASowB7EdtpOHaaPgKt812P9ab+DDKA==
  
  rollup@^2.60.1:
    version "2.60.1"
    resolved "https://registry.yarnpkg.com/rollup/-/rollup-2.60.1.tgz#4b34cd247f09b421f10a3c9286eda2ecf9972079"
    integrity sha512-akwfnpjY0rXEDSn1UTVfKXJhPsEBu+imi1gqBA1ZkHGydUnkV/fWCC90P7rDaLEW8KTwBcS1G3N4893Ndz+jwg==
    optionalDependencies:
      fsevents "~2.3.2"
